Copyright 1986-2014 Xilinx, Inc. All Rights Reserved.
---------------------------------------------------------------------------------------------------------------------------------------------------
| Tool Version : Vivado v.2014.1 (win64) Build 881834 Fri Apr  4 14:15:54 MDT 2014
| Date         : Mon Nov 16 22:31:01 2015
| Host         : J309-C3 running 64-bit Service Pack 1  (build 7601)
| Command      : report_timing_summary -warn_on_violation -file SS_controller_timing_summary_routed.rpt -pb SS_controller_timing_summary_routed.pb
| Design       : SS_controller
| Device       : 7a100t-csg324
| Speed File   : -1  PRODUCTION 1.12 2014-03-13
---------------------------------------------------------------------------------------------------------------------------------------------------

Timing Summary Report

------------------------------------------------------------------------------------------------
| Timer Settings
| --------------
------------------------------------------------------------------------------------------------

  Enable Multi Corner Analysis               :  Yes
  Enable Pessimism Removal                   :  Yes
  Pessimism Removal Resolution               :  Nearest Common Node
  Enable Input Delay Default Clock           :  No
  Enable Preset / Clear Arcs                 :  No
  Disable Flight Delays                      :  No

  Corner  Analyze    Analyze    
  Name    Max Paths  Min Paths  
  ------  ---------  ---------  
  Slow    Yes        Yes        
  Fast    Yes        Yes        



check_timing report

Table of Contents
-----------------
1. checking no_clock
2. checking constant clock
3. checking pulse_width_clock
4. checking unconstrained_internal_endpoints
5. checking no_input_delay
6. checking no_output_delay
7. checking multiple_clock
8. checking generated_clocks
9. checking loops
10. checking partial_input_delay
11. checking partial_output_delay
12. checking unexpandable_clocks
13. checking latch_loops

1. checking no_clock
--------------------
 There are 0 register/latch pins with no clock.


2. checking constant clock
--------------------------
 There are 0 register/latch pins with constant_clock.


3. checking pulse_width_clock
-----------------------------
 There are 0 register/latch pins which need pulse_width check


4. checking unconstrained_internal_endpoints
--------------------------------------------
 There are 0 pins that are not constrained for maximum delay.

 There are 0 pins that are not constrained for maximum delay due to constant clock.


5. checking no_input_delay
--------------------------
 There is 1 input port with no input delay specified. (HIGH)

 There are 0 input ports with no input delay but user has a false path constraint.


6. checking no_output_delay
---------------------------
 There are 8 ports with no output delay specified. (HIGH)

 There are 0 ports with no output delay but user has a false path constraint

 There are 0 ports with no output delay but has a clock definition.


7. checking multiple_clock
--------------------------
 There are 0 register/latch pins with multiple clocks.


8. checking generated_clocks
----------------------------
 There are 0 generated clocks that are not connected to a clock source.


9. checking loops
-----------------
 There are 0 combinational loops in the design.


10. checking partial_input_delay
--------------------------------
 There are 0 input ports with partial input delay specified.


11. checking partial_output_delay
---------------------------------
 There are 0 ports with partial output delay specified.


12. checking unexpandable_clocks
--------------------------------
 There are 0 unexpandable clock pairs.


13. checking latch_loops
------------------------
 There are 0 combinational latch loops in the design through latch input



------------------------------------------------------------------------------------------------
| Design Timing Summary
| ---------------------
------------------------------------------------------------------------------------------------

    WNS(ns)      TNS(ns)  TNS Failing Endpoints  TNS Total Endpoints      WHS(ns)      THS(ns)  THS Failing Endpoints  THS Total Endpoints     WPWS(ns)     TPWS(ns)  TPWS Failing Endpoints  TPWS Total Endpoints  
    -------      -------  ---------------------  -------------------      -------      -------  ---------------------  -------------------     --------     --------  ----------------------  --------------------  
      5.446        0.000                      0                   35        0.255        0.000                      0                   35        4.500        0.000                       0                    32  


All user specified timing constraints are met.


------------------------------------------------------------------------------------------------
| Clock Summary
| -------------
------------------------------------------------------------------------------------------------

Clock        Waveform(ns)       Period(ns)      Frequency(MHz)
-----        ------------       ----------      --------------
sys_clk_pin  {0.000 5.000}      10.000          100.000         


------------------------------------------------------------------------------------------------
| Intra Clock Table
| -----------------
------------------------------------------------------------------------------------------------

Clock             WNS(ns)      TNS(ns)  TNS Failing Endpoints  TNS Total Endpoints      WHS(ns)      THS(ns)  THS Failing Endpoints  THS Total Endpoints     WPWS(ns)     TPWS(ns)  TPWS Failing Endpoints  TPWS Total Endpoints  
-----             -------      -------  ---------------------  -------------------      -------      -------  ---------------------  -------------------     --------     --------  ----------------------  --------------------  
sys_clk_pin         5.446        0.000                      0                   35        0.255        0.000                      0                   35        4.500        0.000                       0                    32  


------------------------------------------------------------------------------------------------
| Inter Clock Table
| -----------------
------------------------------------------------------------------------------------------------

From Clock    To Clock          WNS(ns)      TNS(ns)  TNS Failing Endpoints  TNS Total Endpoints      WHS(ns)      THS(ns)  THS Failing Endpoints  THS Total Endpoints  
----------    --------          -------      -------  ---------------------  -------------------      -------      -------  ---------------------  -------------------  


------------------------------------------------------------------------------------------------
| Other Path Groups Table
| -----------------------
------------------------------------------------------------------------------------------------

Path Group    From Clock    To Clock          WNS(ns)      TNS(ns)  TNS Failing Endpoints  TNS Total Endpoints      WHS(ns)      THS(ns)  THS Failing Endpoints  THS Total Endpoints  
----------    ----------    --------          -------      -------  ---------------------  -------------------      -------      -------  ---------------------  -------------------  


------------------------------------------------------------------------------------------------
| Timing Details
| --------------
------------------------------------------------------------------------------------------------


---------------------------------------------------------------------------------------------------
From Clock:  sys_clk_pin
  To Clock:  sys_clk_pin

Setup :            0  Failing Endpoints,  Worst Slack        5.446ns,  Total Violation        0.000ns
Hold  :            0  Failing Endpoints,  Worst Slack        0.255ns,  Total Violation        0.000ns
PW    :            0  Failing Endpoints,  Worst Slack        4.500ns,  Total Violation        0.000ns
---------------------------------------------------------------------------------------------------


Max Delay Paths
--------------------------------------------------------------------------------------
Slack (MET) :             5.446ns  (required time - arrival time)
  Source:                 cnt_reg[3]/C
                            (rising edge-triggered cell FDCE clocked by sys_clk_pin  {rise@0.000ns fall@5.000ns period=10.000ns})
  Destination:            an_atual_reg[1]/CE
                            (rising edge-triggered cell FDRE clocked by sys_clk_pin  {rise@0.000ns fall@5.000ns period=10.000ns})
  Path Group:             sys_clk_pin
  Path Type:              Setup (Max at Slow Process Corner)
  Requirement:            10.000ns  (sys_clk_pin rise@10.000ns - sys_clk_pin rise@0.000ns)
  Data Path Delay:        4.271ns  (logic 1.027ns (24.046%)  route 3.244ns (75.954%))
  Logic Levels:           3  (LUT6=3)
  Clock Path Skew:        -0.043ns (DCD - SCD + CPR)
    Destination Clock Delay (DCD):    4.783ns = ( 14.783 - 10.000 ) 
    Source Clock Delay      (SCD):    5.078ns
    Clock Pessimism Removal (CPR):    0.252ns
  Clock Uncertainty:      0.035ns  ((TSJ^2 + TIJ^2)^1/2 + DJ) / 2 + PE
    Total System Jitter     (TSJ):    0.071ns
    Total Input Jitter      (TIJ):    0.000ns
    Discrete Jitter          (DJ):    0.000ns
    Phase Error              (PE):    0.000ns

    Location             Delay type                Incr(ns)  Path(ns)    Netlist Resource(s)
  -------------------------------------------------------------------    -------------------
                         (clock sys_clk_pin rise edge)
                                                      0.000     0.000 r  
    E3                                                0.000     0.000 r  clk
                         net (fo=0)                   0.000     0.000    clk
    E3                   IBUF (Prop_ibuf_I_O)         1.482     1.482 r  clk_IBUF_inst/O
                         net (fo=1, routed)           1.780     3.262    clk_IBUF
    BUFGCTRL_X0Y16       BUFG (Prop_bufg_I_O)         0.096     3.358 r  clk_IBUF_BUFG_inst/O
                         net (fo=31, routed)          1.719     5.078    clk_IBUF_BUFG
    SLICE_X80Y85                                                      r  cnt_reg[3]/C
  -------------------------------------------------------------------    -------------------
    SLICE_X80Y85         FDCE (Prop_fdce_C_Q)         0.478     5.556 f  cnt_reg[3]/Q
                         net (fo=2, routed)           1.297     6.853    n_0_cnt_reg[3]
    SLICE_X79Y84         LUT6 (Prop_lut6_I2_O)        0.301     7.154 f  cnt[26]_i_7/O
                         net (fo=2, routed)           0.812     7.966    n_0_cnt[26]_i_7
    SLICE_X79Y86         LUT6 (Prop_lut6_I2_O)        0.124     8.090 f  cnt[26]_i_3/O
                         net (fo=27, routed)          0.528     8.618    n_0_cnt[26]_i_3
    SLICE_X79Y88         LUT6 (Prop_lut6_I4_O)        0.124     8.742 r  an_atual[3]_i_1/O
                         net (fo=4, routed)           0.606     9.349    an_atual0
    SLICE_X79Y88         FDRE                                         r  an_atual_reg[1]/CE
  -------------------------------------------------------------------    -------------------

                         (clock sys_clk_pin rise edge)
                                                     10.000    10.000 r  
    E3                                                0.000    10.000 r  clk
                         net (fo=0)                   0.000    10.000    clk
    E3                   IBUF (Prop_ibuf_I_O)         1.411    11.411 r  clk_IBUF_inst/O
                         net (fo=1, routed)           1.683    13.094    clk_IBUF
    BUFGCTRL_X0Y16       BUFG (Prop_bufg_I_O)         0.091    13.185 r  clk_IBUF_BUFG_inst/O
                         net (fo=31, routed)          1.597    14.783    clk_IBUF_BUFG
    SLICE_X79Y88                                                      r  an_atual_reg[1]/C
                         clock pessimism              0.252    15.035    
                         clock uncertainty           -0.035    14.999    
    SLICE_X79Y88         FDRE (Setup_fdre_C_CE)      -0.205    14.794    an_atual_reg[1]
  -------------------------------------------------------------------
                         required time                         14.794    
                         arrival time                          -9.349    
  -------------------------------------------------------------------
                         slack                                  5.446    





Min Delay Paths
--------------------------------------------------------------------------------------
Slack (MET) :             0.255ns  (arrival time - required time)
  Source:                 an_atual_reg[1]/C
                            (rising edge-triggered cell FDRE clocked by sys_clk_pin  {rise@0.000ns fall@5.000ns period=10.000ns})
  Destination:            an_atual_reg[2]/D
                            (rising edge-triggered cell FDRE clocked by sys_clk_pin  {rise@0.000ns fall@5.000ns period=10.000ns})
  Path Group:             sys_clk_pin
  Path Type:              Hold (Min at Fast Process Corner)
  Requirement:            0.000ns  (sys_clk_pin rise@0.000ns - sys_clk_pin rise@0.000ns)
  Data Path Delay:        0.362ns  (logic 0.183ns (50.505%)  route 0.179ns (49.495%))
  Logic Levels:           1  (LUT3=1)
  Clock Path Skew:        0.000ns (DCD - SCD - CPR)
    Destination Clock Delay (DCD):    1.939ns
    Source Clock Delay      (SCD):    1.431ns
    Clock Pessimism Removal (CPR):    0.507ns

    Location             Delay type                Incr(ns)  Path(ns)    Netlist Resource(s)
  -------------------------------------------------------------------    -------------------
                         (clock sys_clk_pin rise edge)
                                                      0.000     0.000 r  
    E3                                                0.000     0.000 r  clk
                         net (fo=0)                   0.000     0.000    clk
    E3                   IBUF (Prop_ibuf_I_O)         0.250     0.250 r  clk_IBUF_inst/O
                         net (fo=1, routed)           0.558     0.808    clk_IBUF
    BUFGCTRL_X0Y16       BUFG (Prop_bufg_I_O)         0.026     0.834 r  clk_IBUF_BUFG_inst/O
                         net (fo=31, routed)          0.598     1.431    clk_IBUF_BUFG
    SLICE_X79Y88                                                      r  an_atual_reg[1]/C
  -------------------------------------------------------------------    -------------------
    SLICE_X79Y88         FDRE (Prop_fdre_C_Q)         0.141     1.572 r  an_atual_reg[1]/Q
                         net (fo=13, routed)          0.179     1.752    n_0_an_atual_reg[1]
    SLICE_X79Y88         LUT3 (Prop_lut3_I2_O)        0.042     1.794 r  an_atual[2]_i_1/O
                         net (fo=1, routed)           0.000     1.794    n_0_an_atual[2]_i_1
    SLICE_X79Y88         FDRE                                         r  an_atual_reg[2]/D
  -------------------------------------------------------------------    -------------------

                         (clock sys_clk_pin rise edge)
                                                      0.000     0.000 r  
    E3                                                0.000     0.000 r  clk
                         net (fo=0)                   0.000     0.000    clk
    E3                   IBUF (Prop_ibuf_I_O)         0.438     0.438 r  clk_IBUF_inst/O
                         net (fo=1, routed)           0.603     1.040    clk_IBUF
    BUFGCTRL_X0Y16       BUFG (Prop_bufg_I_O)         0.029     1.069 r  clk_IBUF_BUFG_inst/O
                         net (fo=31, routed)          0.870     1.939    clk_IBUF_BUFG
    SLICE_X79Y88                                                      r  an_atual_reg[2]/C
                         clock pessimism             -0.507     1.431    
    SLICE_X79Y88         FDRE (Hold_fdre_C_D)         0.107     1.538    an_atual_reg[2]
  -------------------------------------------------------------------
                         required time                         -1.538    
                         arrival time                           1.794    
  -------------------------------------------------------------------
                         slack                                  0.255    





Pulse Width Checks
--------------------------------------------------------------------------------------
Clock Name:         sys_clk_pin
Waveform:           { 0 5 }
Period:             10.000
Sources:            { clk }

Check Type        Corner  Lib Pin  Reference Pin  Required  Actual  Slack  Location        Pin
Min Period        n/a     BUFG/I   n/a            2.155     10.000  7.845  BUFGCTRL_X0Y16  clk_IBUF_BUFG_inst/I
Low Pulse Width   Fast    FDCE/C   n/a            0.500     5.000   4.500  SLICE_X79Y85    cnt_reg[10]/C
High Pulse Width  Slow    FDRE/C   n/a            0.500     5.000   4.500  SLICE_X80Y88    an_atual_reg[0]/C



