
*** Running vivado
    with args -log aula4.vds -m64 -mode batch -messageDb vivado.pb -source aula4.tcl


****** Vivado v2014.1 (64-bit)
  **** SW Build 881834 on Fri Apr  4 14:15:54 MDT 2014
  **** IP Build 877625 on Fri Mar 28 16:29:15 MDT 2014
    ** Copyright 1986-2014 Xilinx, Inc. All Rights Reserved.

source aula4.tcl
# set_param gui.test TreeTableDev
# set_param xicom.use_bs_reader 1
# set_msg_config -id {HDL 9-1061} -limit 100000
# set_msg_config -id {HDL 9-1654} -limit 100000
# set_msg_config -id {Labtools 27-147} -limit 4294967295
# set_msg_config -id {Synth 8-256} -limit 10000
# set_msg_config -id {Synth 8-638} -limit 10000
# create_project -in_memory -part xc7a100tcsg324-1
# set_property target_language Verilog [current_project]
# set_param project.compositeFile.enableAutoGeneration 0
# set_property default_lib xil_defaultlib [current_project]
# read_vhdl -library xil_defaultlib T:/PGMaua/Aula4/Problema1Aula4/Problema1Aula4.srcs/sources_1/new/Aula4.vhd
# read_xdc T:/PGMaua/Aula4/Problema1Aula4/Problema1Aula4.srcs/constrs_1/imports/Problemas/io_basico.xdc
# set_property used_in_implementation false [get_files T:/PGMaua/Aula4/Problema1Aula4/Problema1Aula4.srcs/constrs_1/imports/Problemas/io_basico.xdc]
# set_param synth.vivado.isSynthRun true
# set_property webtalk.parent_dir T:/PGMaua/Aula4/Problema1Aula4/Problema1Aula4.cache/wt [current_project]
# set_property parent.project_dir T:/PGMaua/Aula4/Problema1Aula4 [current_project]
# synth_design -top aula4 -part xc7a100tcsg324-1
Command: synth_design -top aula4 -part xc7a100tcsg324-1

Starting synthesis...

Attempting to get a license for feature 'Synthesis' and/or device 'xc7a100t'
INFO: [Common 17-349] Got license for feature 'Synthesis' and/or device 'xc7a100t'
---------------------------------------------------------------------------------
Starting RTL Elaboration : Time (s): cpu = 00:00:03 ; elapsed = 00:00:04 . Memory (MB): peak = 232.363 ; gain = 98.582
---------------------------------------------------------------------------------
INFO: [Synth 8-638] synthesizing module 'aula4' [T:/PGMaua/Aula4/Problema1Aula4/Problema1Aula4.srcs/sources_1/new/Aula4.vhd:36]
WARNING: [Synth 8-614] signal 'sw' is read in the process but is not in the sensitivity list [T:/PGMaua/Aula4/Problema1Aula4/Problema1Aula4.srcs/sources_1/new/Aula4.vhd:45]
INFO: [Synth 8-256] done synthesizing module 'aula4' (1#1) [T:/PGMaua/Aula4/Problema1Aula4/Problema1Aula4.srcs/sources_1/new/Aula4.vhd:36]
WARNING: [Synth 8-3331] design aula4 has unconnected port led[14]
WARNING: [Synth 8-3331] design aula4 has unconnected port led[13]
WARNING: [Synth 8-3331] design aula4 has unconnected port led[12]
WARNING: [Synth 8-3331] design aula4 has unconnected port led[11]
WARNING: [Synth 8-3331] design aula4 has unconnected port led[10]
WARNING: [Synth 8-3331] design aula4 has unconnected port led[9]
WARNING: [Synth 8-3331] design aula4 has unconnected port led[8]
WARNING: [Synth 8-3331] design aula4 has unconnected port led[7]
WARNING: [Synth 8-3331] design aula4 has unconnected port led[6]
WARNING: [Synth 8-3331] design aula4 has unconnected port led[5]
WARNING: [Synth 8-3331] design aula4 has unconnected port led[4]
WARNING: [Synth 8-3331] design aula4 has unconnected port led[3]
WARNING: [Synth 8-3331] design aula4 has unconnected port led[2]
WARNING: [Synth 8-3331] design aula4 has unconnected port led[1]
WARNING: [Synth 8-3331] design aula4 has unconnected port clk
WARNING: [Synth 8-3331] design aula4 has unconnected port btnCpuReset
WARNING: [Synth 8-3331] design aula4 has unconnected port sw[15]
WARNING: [Synth 8-3331] design aula4 has unconnected port sw[14]
WARNING: [Synth 8-3331] design aula4 has unconnected port sw[13]
WARNING: [Synth 8-3331] design aula4 has unconnected port sw[12]
WARNING: [Synth 8-3331] design aula4 has unconnected port sw[11]
WARNING: [Synth 8-3331] design aula4 has unconnected port sw[10]
WARNING: [Synth 8-3331] design aula4 has unconnected port sw[9]
WARNING: [Synth 8-3331] design aula4 has unconnected port sw[8]
WARNING: [Synth 8-3331] design aula4 has unconnected port sw[7]
WARNING: [Synth 8-3331] design aula4 has unconnected port sw[6]
WARNING: [Synth 8-3331] design aula4 has unconnected port sw[5]
---------------------------------------------------------------------------------
Finished RTL Elaboration : Time (s): cpu = 00:00:04 ; elapsed = 00:00:05 . Memory (MB): peak = 266.188 ; gain = 132.406
---------------------------------------------------------------------------------

---------------------------------------------------------------------------------
Start RTL Optimization
---------------------------------------------------------------------------------

Report Check Netlist: 
+------+------------------+-------+---------+-------+------------------+
|      |Item              |Errors |Warnings |Status |Description       |
+------+------------------+-------+---------+-------+------------------+
|1     |multi_driven_nets |      0|        0|Passed |Multi driven nets |
+------+------------------+-------+---------+-------+------------------+
Loading clock regions from C:/Xilinx/Vivado/2014.1/data\parts/xilinx/artix7/artix7/xc7a100t/ClockRegion.xml
Loading clock buffers from C:/Xilinx/Vivado/2014.1/data\parts/xilinx/artix7/artix7/xc7a100t/ClockBuffers.xml
Loading clock placement rules from C:/Xilinx/Vivado/2014.1/data/parts/xilinx/artix7/ClockPlacerRules.xml
Loading package pin functions from C:/Xilinx/Vivado/2014.1/data\parts/xilinx/artix7/PinFunctions.xml...
Loading package from C:/Xilinx/Vivado/2014.1/data\parts/xilinx/artix7/artix7/xc7a100t/csg324/Package.xml
Loading io standards from C:/Xilinx/Vivado/2014.1/data\./parts/xilinx/artix7/IOStandards.xml
Loading device configuration modes from C:/Xilinx/Vivado/2014.1/data\parts/xilinx/artix7/ConfigModes.xml

Processing XDC Constraints
Parsing XDC File [T:/PGMaua/Aula4/Problema1Aula4/Problema1Aula4.srcs/constrs_1/imports/Problemas/io_basico.xdc]
Finished Parsing XDC File [T:/PGMaua/Aula4/Problema1Aula4/Problema1Aula4.srcs/constrs_1/imports/Problemas/io_basico.xdc]
Completed Processing XDC Constraints

INFO: [Project 1-111] Unisim Transformation Summary:
No Unisim elements were transformed.


---------------------------------------------------------------------------------
Start RTL Optimization
---------------------------------------------------------------------------------

---------------------------------------------------------------------------------
Start Loading Part and Timing Information
---------------------------------------------------------------------------------
Loading part: xc7a100tcsg324-1
---------------------------------------------------------------------------------
Finished Loading Part and Timing Information : Time (s): cpu = 00:00:10 ; elapsed = 00:00:11 . Memory (MB): peak = 470.578 ; gain = 336.797
---------------------------------------------------------------------------------


---------------------------------------------------------------------------------
Start Applying 'set_property' XDC Constraints
---------------------------------------------------------------------------------
---------------------------------------------------------------------------------
Finished applying 'set_property' XDC Constraints : Time (s): cpu = 00:00:10 ; elapsed = 00:00:11 . Memory (MB): peak = 470.578 ; gain = 336.797
---------------------------------------------------------------------------------

---------------------------------------------------------------------------------
Finished RTL Optimization : Time (s): cpu = 00:00:10 ; elapsed = 00:00:11 . Memory (MB): peak = 470.578 ; gain = 336.797
---------------------------------------------------------------------------------


Report RTL Partitions: 
+-+--------------+------------+----------+
| |RTL Partition |Replication |Instances |
+-+--------------+------------+----------+
+-+--------------+------------+----------+

---------------------------------------------------------------------------------
Start RTL Component Statistics 
---------------------------------------------------------------------------------
Detailed RTL Component Info : 
+---Muxes : 
	   3 Input      1 Bit        Muxes := 1     

---------------------------------------------------------------------------------
Finished RTL Component Statistics 
---------------------------------------------------------------------------------

---------------------------------------------------------------------------------
Start RTL Hierarchical Component Statistics 
---------------------------------------------------------------------------------
Hierarchical RTL Component report 
Module aula4 
Detailed RTL Component Info : 
+---Muxes : 
	   3 Input      1 Bit        Muxes := 1     

---------------------------------------------------------------------------------
Finished RTL Hierarchical Component Statistics
---------------------------------------------------------------------------------

---------------------------------------------------------------------------------
Start Part Resource Summary
---------------------------------------------------------------------------------
Part Resources:
DSPs: 240 (col length:80)
BRAMs: 270 (col length: RAMB18 80 RAMB36 40)

---------------------------------------------------------------------------------
Finished Part Resource Summary
---------------------------------------------------------------------------------

---------------------------------------------------------------------------------
Start Cross Boundary Optimization
---------------------------------------------------------------------------------
WARNING: [Synth 8-3331] design aula4 has unconnected port led[14]
WARNING: [Synth 8-3331] design aula4 has unconnected port led[13]
WARNING: [Synth 8-3331] design aula4 has unconnected port led[12]
WARNING: [Synth 8-3331] design aula4 has unconnected port led[11]
WARNING: [Synth 8-3331] design aula4 has unconnected port led[10]
WARNING: [Synth 8-3331] design aula4 has unconnected port led[9]
WARNING: [Synth 8-3331] design aula4 has unconnected port led[8]
WARNING: [Synth 8-3331] design aula4 has unconnected port led[7]
WARNING: [Synth 8-3331] design aula4 has unconnected port led[6]
WARNING: [Synth 8-3331] design aula4 has unconnected port led[5]
WARNING: [Synth 8-3331] design aula4 has unconnected port led[4]
WARNING: [Synth 8-3331] design aula4 has unconnected port led[3]
WARNING: [Synth 8-3331] design aula4 has unconnected port led[2]
WARNING: [Synth 8-3331] design aula4 has unconnected port led[1]
WARNING: [Synth 8-3331] design aula4 has unconnected port clk
WARNING: [Synth 8-3331] design aula4 has unconnected port btnCpuReset
WARNING: [Synth 8-3331] design aula4 has unconnected port sw[15]
WARNING: [Synth 8-3331] design aula4 has unconnected port sw[14]
WARNING: [Synth 8-3331] design aula4 has unconnected port sw[13]
WARNING: [Synth 8-3331] design aula4 has unconnected port sw[12]
WARNING: [Synth 8-3331] design aula4 has unconnected port sw[11]
WARNING: [Synth 8-3331] design aula4 has unconnected port sw[10]
WARNING: [Synth 8-3331] design aula4 has unconnected port sw[9]
WARNING: [Synth 8-3331] design aula4 has unconnected port sw[8]
WARNING: [Synth 8-3331] design aula4 has unconnected port sw[7]
WARNING: [Synth 8-3331] design aula4 has unconnected port sw[6]
WARNING: [Synth 8-3331] design aula4 has unconnected port sw[5]
---------------------------------------------------------------------------------
Finished Cross Boundary Optimization : Time (s): cpu = 00:00:20 ; elapsed = 00:00:21 . Memory (MB): peak = 541.109 ; gain = 407.328
---------------------------------------------------------------------------------

---------------------------------------------------------------------------------
Start RAM, DSP and Shift Register Reporting
---------------------------------------------------------------------------------
---------------------------------------------------------------------------------
Finished RAM, DSP and Shift Register Reporting
---------------------------------------------------------------------------------

---------------------------------------------------------------------------------
Start Area Optimization
---------------------------------------------------------------------------------
---------------------------------------------------------------------------------
Finished Area Optimization : Time (s): cpu = 00:00:20 ; elapsed = 00:00:21 . Memory (MB): peak = 561.352 ; gain = 427.570
---------------------------------------------------------------------------------


---------------------------------------------------------------------------------
Start Timing Optimization
---------------------------------------------------------------------------------

---------------------------------------------------------------------------------
Start Applying XDC Timing Constraints
---------------------------------------------------------------------------------
---------------------------------------------------------------------------------
Finished Applying XDC Timing Constraints : Time (s): cpu = 00:00:20 ; elapsed = 00:00:21 . Memory (MB): peak = 561.352 ; gain = 427.570
---------------------------------------------------------------------------------

---------------------------------------------------------------------------------
Finished Timing Optimization : Time (s): cpu = 00:00:20 ; elapsed = 00:00:21 . Memory (MB): peak = 561.352 ; gain = 427.570
---------------------------------------------------------------------------------


---------------------------------------------------------------------------------
Start Technology Mapping
---------------------------------------------------------------------------------
---------------------------------------------------------------------------------
Finished Technology Mapping : Time (s): cpu = 00:00:20 ; elapsed = 00:00:21 . Memory (MB): peak = 561.551 ; gain = 427.770
---------------------------------------------------------------------------------


---------------------------------------------------------------------------------
Start IO Insertion
---------------------------------------------------------------------------------

---------------------------------------------------------------------------------
Start Flattening Before IO Insertion
---------------------------------------------------------------------------------

---------------------------------------------------------------------------------
Finished Flattening Before IO Insertion
---------------------------------------------------------------------------------

---------------------------------------------------------------------------------
Start Final Netlist Cleanup
---------------------------------------------------------------------------------

---------------------------------------------------------------------------------
Finished Final Netlist Cleanup
---------------------------------------------------------------------------------
---------------------------------------------------------------------------------
Finished IO Insertion : Time (s): cpu = 00:00:20 ; elapsed = 00:00:21 . Memory (MB): peak = 561.551 ; gain = 427.770
---------------------------------------------------------------------------------


Report Check Netlist: 
+------+------------------+-------+---------+-------+------------------+
|      |Item              |Errors |Warnings |Status |Description       |
+------+------------------+-------+---------+-------+------------------+
|1     |multi_driven_nets |      0|        0|Passed |Multi driven nets |
+------+------------------+-------+---------+-------+------------------+

---------------------------------------------------------------------------------
Start Renaming Generated Instances
---------------------------------------------------------------------------------
---------------------------------------------------------------------------------
Finished Renaming Generated Instances : Time (s): cpu = 00:00:20 ; elapsed = 00:00:21 . Memory (MB): peak = 561.551 ; gain = 427.770
---------------------------------------------------------------------------------


---------------------------------------------------------------------------------
Start Rebuilding User Hierarchy
---------------------------------------------------------------------------------
---------------------------------------------------------------------------------
Finished Rebuilding User Hierarchy : Time (s): cpu = 00:00:20 ; elapsed = 00:00:21 . Memory (MB): peak = 561.551 ; gain = 427.770
---------------------------------------------------------------------------------

---------------------------------------------------------------------------------
Start RAM, DSP and Shift Register Reporting
---------------------------------------------------------------------------------
---------------------------------------------------------------------------------
Finished RAM, DSP and Shift Register Reporting
---------------------------------------------------------------------------------

---------------------------------------------------------------------------------
Start Writing Synthesis Report
---------------------------------------------------------------------------------

Report BlackBoxes: 
+-+--------------+----------+
| |BlackBox name |Instances |
+-+--------------+----------+
+-+--------------+----------+

Report Cell Usage: 
+------+------+------+
|      |Cell  |Count |
+------+------+------+
|1     |LUT5  |     1|
|2     |IBUF  |     5|
|3     |OBUF  |     2|
|4     |OBUFT |    14|
+------+------+------+

Report Instance Areas: 
+------+---------+-------+------+
|      |Instance |Module |Cells |
+------+---------+-------+------+
|1     |top      |       |    22|
+------+---------+-------+------+
---------------------------------------------------------------------------------
Finished Writing Synthesis Report : Time (s): cpu = 00:00:20 ; elapsed = 00:00:21 . Memory (MB): peak = 561.551 ; gain = 427.770
---------------------------------------------------------------------------------

Synthesis finished with 0 errors, 0 critical warnings and 27 warnings.
Synthesis Optimization Complete : Time (s): cpu = 00:00:21 ; elapsed = 00:00:21 . Memory (MB): peak = 561.551 ; gain = 427.770
INFO: [Netlist 29-17] Analyzing 5 Unisim elements for replacement
INFO: [Netlist 29-28] Unisim Transformation completed in 0 CPU seconds
INFO: [Opt 31-140] Inserted 0 IBUFs to IO ports without IO buffers.
INFO: [Opt 31-141] Inserted 0 OBUFs to IO ports without IO buffers.
INFO: [Opt 31-138] Pushed 0 inverter(s).
INFO: [Project 1-111] Unisim Transformation Summary:
No Unisim elements were transformed.

INFO: [Common 17-83] Releasing license: Synthesis
11 Infos, 55 Warnings, 0 Critical Warnings and 0 Errors encountered.
synth_design completed successfully
synth_design: Time (s): cpu = 00:00:21 ; elapsed = 00:00:21 . Memory (MB): peak = 561.551 ; gain = 382.547
# write_checkpoint aula4.dcp
# report_utilization -file aula4_utilization_synth.rpt -pb aula4_utilization_synth.pb
report_utilization: Time (s): cpu = 00:00:00 ; elapsed = 00:00:00.016 . Memory (MB): peak = 561.551 ; gain = 0.000
INFO: [Common 17-206] Exiting Vivado at Mon Nov 09 22:23:18 2015...
